Arguments: 
  C:\Program Files\nodejs\node.exe C:\Program Files (x86)\Yarn\bin\yarn.js

PATH: 
  C:\Program Files (x86)\Python37-32\Scripts\;C:\Program Files (x86)\Python37-32\;C:\Program Files (x86)\Intel\iCLS Client\;C:\Program Files\Intel\iCLS Client\;C:\WINDOWS\system32;C:\WINDOWS;C:\WINDOWS\System32\Wbem;C:\WINDOWS\System32\WindowsPowerShell\v1.0\;C:\wamp642\bin\php\php5.6.31;C:\Program Files (x86)\Bitvise SSH Client;C:\Program Files (x86)\Intel\Intel(R) Management Engine Components\DAL;C:\Program Files\Intel\Intel(R) Management Engine Components\DAL;C:\Program Files (x86)\Intel\Intel(R) Management Engine Components\IPT;C:\Program Files\Intel\Intel(R) Management Engine Components\IPT;C:\WINDOWS\System32\OpenSSH\;C:\Program Files\Intel\WiFi\bin\;C:\Program Files\Common Files\Intel\WirelessCommon\;C:\Program Files\Git\cmd;C:\ProgramData\chocolatey\bin;C:\PostgreSQL\pg11\bin;C:\Users\Illyas\AppData\Roaming\Python\Python37\Scripts;C:\laragon\bin\php\php-7.1.14-Win32-VC14-x64;C:\ProgramData\ComposerSetup\bin;C:\Program Files (x86)\Yarn\bin\;C:\Windows\system32\ngrok.exe;C:\Program Files\nodejs\;C:\Program Files\nodejs\node_modules\npm\node_modules\npm-lifecycle\node-gyp-bin;C:\Users\Illyas\AppData\Roaming\npm\node_modules\windows-build-tools\node_modules\.bin;C:\Users\Illyas\AppData\Roaming\npm\node_modules\.bin;C:\Program Files (x86)\Common Files\Oracle\Java\javapath;C:\Users\Illyas\AppData\Roaming\npm\node_modules\windows-build-tools\node_modules\.bin;C:\Users\Illyas\AppData\Roaming\npm\node_modules\.bin;C:\Windows\system32;C:\Windows;C:\Windows\System32\Wbem;C:\Windows\System32\WindowsPowerShell\v1.0\;C:\Program Files (x86)\Skype\Phone\;C:\Users\Illyas\AppData\Local\Microsoft\WindowsApps;C:\Program Files\Microsoft VS Code\bin;C:\Users\Illyas\AppData\Local\Programs\Microsoft VS Code\bin;%PYTHON%;C:\Users\Illyas\AppData\Local\Microsoft\WindowsApps;C:\Users\Illyas\AppData\Local\hyper\app-2.1.1\resources\bin;C:\Users\Illyas\AppData\Roaming\Composer\vendor\bin;C:\Users\Illyas\AppData\Local\Yarn\bin;C:\Users\Illyas\AppData\Roaming\npm

Yarn version: 
  1.15.2

Node version: 
  10.16.0

Platform: 
  win32 x64

Trace: 
  SyntaxError: E:\NodeBoilerplate2\package.json: Unexpected string in JSON at position 1950
      at JSON.parse (<anonymous>)
      at C:\Program Files (x86)\Yarn\lib\cli.js:1625:59
      at Generator.next (<anonymous>)
      at step (C:\Program Files (x86)\Yarn\lib\cli.js:304:30)
      at C:\Program Files (x86)\Yarn\lib\cli.js:315:13

npm manifest: 
  {
    "name": "NodeBoilerplate",
    "version": "1.0.0",
    "main": "main.js",
    "repository": "https://github.com/ilyaskarim/NodeBoilerplate.git",
    "author": "Ilyas Karim <ilyas.datoo@gmail.com> ",
    "license": "MIT",
    "scripts": {
      "start": "cross-env NODE_ENV=development nodemon main --exec \"node -r dotenv/config -r babel-register\"",
      "db:migrate": "cross-env NODE_ENV=development nodemon sync --exec \"node -r dotenv/config -r babel-register\"",
      "generate": "plop --plopfile framework/generators/index.js --require babel-core/register"
    },
    "dependencies": {
      "apollo-server": "^2.3.2"
    },
    "devDependencies": {
      "@types/joi": "^14.3.3",
      "@types/moment": "^2.13.0",
      "@types/jsonwebtoken": "^8.3.2",
      "@types/lodash": "^4.14.133",
      "@types/node": "^12.0.4",
      "babel-cli": "^6.26.0",
      "babel-preset-env": "^1.7.0",
      "babel-preset-node5": "^12.0.1",
      "babel-preset-stage-0": "^6.24.1",
      "bcrypt-nodejs": "0.0.3",
      "body-parser": "^1.18.3",
      "cors": "^2.8.5",
      "cross-env": "^5.2.0",
      "dotenv": "^6.2.0",
      "eslint": "^5.16.0",
      "eslint-config-airbnb-base": "^13.1.0",
      "eslint-plugin-import": "^2.17.1",
      "express": "^4.16.4",
      "express-graphql": "^0.7.1",
      "faker": "^4.1.0",
      "graphql": "^14.1.1",
      "graphql-tag": "^2.10.0",
      "handlebars": "^4.0.12",
      "http-status-codes": "^1.3.0",
      "joi": "^14.3.1",
      "js-beautify": "^1.8.9",
      "jsonwebtoken": "^8.4.0",
      "lodash": "^4.17.11",
      "module-alias": "^2.1.0",
      "moment": "^2.23.0",
      "mongoose": "^5.4.2",
      "mongoose-paginate": "^5.0.3",
      "morgan": "^1.9.1",
      "mysql2": "^1.6.4",
      "nodemailer": "^5.0.0",
      "nodemon": "^1.18.9",
      "plop": "^2.2.0",
      "sequelize": "^5.7.4",
      "sequelize-cli": "^5.4.0",
      "tslint": "^5.17.0",
      "typescript": "^3.5.1",
      "validate.js": "^0.12.0",
      "validatorjs": "^3.15.1",
      "react": "^16.8.6",
      "react-dom": "^16.8.6"
      "winston": "^3.1.0"
    }
  }

yarn manifest: 
  No manifest

Lockfile: 
  No lockfile
